This file contains any messages produced by compilers while
running configure, to aid debugging if configure makes a mistake.

It was created by gpmlr configure 0.1.0, which was
generated by GNU Autoconf 2.69.  Invocation command line was

  $ ./configure 

## --------- ##
## Platform. ##
## --------- ##

hostname = Carl
uname -m = x86_64
uname -r = 4.15.0-45-generic
uname -s = Linux
uname -v = #48-Ubuntu SMP Tue Jan 29 16:28:13 UTC 2019

/usr/bin/uname -p = unknown
/bin/uname -X     = unknown

/bin/arch              = unknown
/usr/bin/arch -k       = unknown
/usr/convex/getsysinfo = unknown
/usr/bin/hostinfo      = unknown
/bin/machine           = unknown
/usr/bin/oslevel       = unknown
/bin/universe          = unknown

PATH: /home/david/bin
PATH: /usr/local/sbin
PATH: /usr/local/bin
PATH: /usr/sbin
PATH: /usr/bin
PATH: /sbin
PATH: /bin
PATH: /usr/games
PATH: /usr/local/games
PATH: /snap/bin
PATH: /usr/lib/x86_64-linux-gnu/octave/4.2.2/site/exec/x86_64-pc-linux-gnu
PATH: /usr/lib/x86_64-linux-gnu/octave/api-v51/site/exec/x86_64-pc-linux-gnu
PATH: /usr/lib/x86_64-linux-gnu/octave/site/exec/x86_64-pc-linux-gnu
PATH: /usr/lib/x86_64-linux-gnu/octave/4.2.2/exec/x86_64-pc-linux-gnu
PATH: /usr/bin


## ----------- ##
## Core tests. ##
## ----------- ##

configure:1849: checking for g++
configure:1865: found /usr/bin/g++
configure:1876: result: g++
configure:1903: checking for C++ compiler version
configure:1912: g++ --version >&5
g++ (Ubuntu 7.3.0-27ubuntu1~18.04) 7.3.0
Copyright (C) 2017 Free Software Foundation, Inc.
This is free software; see the source for copying conditions.  There is NO
warranty; not even for MERCHANTABILITY or FITNESS FOR A PARTICULAR PURPOSE.

configure:1923: $? = 0
configure:1912: g++ -v >&5
Using built-in specs.
COLLECT_GCC=g++
COLLECT_LTO_WRAPPER=/usr/lib/gcc/x86_64-linux-gnu/7/lto-wrapper
OFFLOAD_TARGET_NAMES=nvptx-none
OFFLOAD_TARGET_DEFAULT=1
Target: x86_64-linux-gnu
Configured with: ../src/configure -v --with-pkgversion='Ubuntu 7.3.0-27ubuntu1~18.04' --with-bugurl=file:///usr/share/doc/gcc-7/README.Bugs --enable-languages=c,ada,c++,go,brig,d,fortran,objc,obj-c++ --prefix=/usr --with-gcc-major-version-only --program-suffix=-7 --program-prefix=x86_64-linux-gnu- --enable-shared --enable-linker-build-id --libexecdir=/usr/lib --without-included-gettext --enable-threads=posix --libdir=/usr/lib --enable-nls --with-sysroot=/ --enable-clocale=gnu --enable-libstdcxx-debug --enable-libstdcxx-time=yes --with-default-libstdcxx-abi=new --enable-gnu-unique-object --disable-vtable-verify --enable-libmpx --enable-plugin --enable-default-pie --with-system-zlib --with-target-system-zlib --enable-objc-gc=auto --enable-multiarch --disable-werror --with-arch-32=i686 --with-abi=m64 --with-multilib-list=m32,m64,mx32 --enable-multilib --with-tune=generic --enable-offload-targets=nvptx-none --without-cuda-driver --enable-checking=release --build=x86_64-linux-gnu --host=x86_64-linux-gnu --target=x86_64-linux-gnu
Thread model: posix
gcc version 7.3.0 (Ubuntu 7.3.0-27ubuntu1~18.04) 
configure:1923: $? = 0
configure:1912: g++ -V >&5
g++: error: unrecognized command line option '-V'
g++: fatal error: no input files
compilation terminated.
configure:1923: $? = 1
configure:1912: g++ -qversion >&5
g++: error: unrecognized command line option '-qversion'; did you mean '--version'?
g++: fatal error: no input files
compilation terminated.
configure:1923: $? = 1
configure:1943: checking whether the C++ compiler works
configure:1965: g++ -UNDEBUG -Wall -pedantic -g -O0   conftest.cpp  >&5
configure:1969: $? = 0
configure:2017: result: yes
configure:2020: checking for C++ compiler default output file name
configure:2022: result: a.out
configure:2028: checking for suffix of executables
configure:2035: g++ -o conftest -UNDEBUG -Wall -pedantic -g -O0   conftest.cpp  >&5
configure:2039: $? = 0
configure:2061: result: 
configure:2083: checking whether we are cross compiling
configure:2091: g++ -o conftest -UNDEBUG -Wall -pedantic -g -O0   conftest.cpp  >&5
configure:2095: $? = 0
configure:2102: ./conftest
configure:2106: $? = 0
configure:2121: result: no
configure:2126: checking for suffix of object files
configure:2148: g++ -c -UNDEBUG -Wall -pedantic -g -O0  conftest.cpp >&5
configure:2152: $? = 0
configure:2173: result: o
configure:2177: checking whether we are using the GNU C++ compiler
configure:2196: g++ -c -UNDEBUG -Wall -pedantic -g -O0  conftest.cpp >&5
configure:2196: $? = 0
configure:2205: result: yes
configure:2214: checking whether g++ accepts -g
configure:2234: g++ -c -g  conftest.cpp >&5
configure:2234: $? = 0
configure:2275: result: yes
configure:2304: checking how to run the C++ preprocessor
configure:2331: g++ -E  conftest.cpp
configure:2331: $? = 0
configure:2345: g++ -E  conftest.cpp
conftest.cpp:9:10: fatal error: ac_nonexistent.h: No such file or directory
 #include <ac_nonexistent.h>
          ^~~~~~~~~~~~~~~~~~
compilation terminated.
configure:2345: $? = 1
configure: failed program was:
| /* confdefs.h */
| #define PACKAGE_NAME "gpmlr"
| #define PACKAGE_TARNAME "gpmlr"
| #define PACKAGE_VERSION "0.1.0"
| #define PACKAGE_STRING "gpmlr 0.1.0"
| #define PACKAGE_BUGREPORT ""
| #define PACKAGE_URL ""
| /* end confdefs.h.  */
| #include <ac_nonexistent.h>
configure:2370: result: g++ -E
configure:2390: g++ -E  conftest.cpp
configure:2390: $? = 0
configure:2404: g++ -E  conftest.cpp
conftest.cpp:9:10: fatal error: ac_nonexistent.h: No such file or directory
 #include <ac_nonexistent.h>
          ^~~~~~~~~~~~~~~~~~
compilation terminated.
configure:2404: $? = 1
configure: failed program was:
| /* confdefs.h */
| #define PACKAGE_NAME "gpmlr"
| #define PACKAGE_TARNAME "gpmlr"
| #define PACKAGE_VERSION "0.1.0"
| #define PACKAGE_STRING "gpmlr 0.1.0"
| #define PACKAGE_BUGREPORT ""
| #define PACKAGE_URL ""
| /* end confdefs.h.  */
| #include <ac_nonexistent.h>
configure:2437: checking for Octave
configure:2441: checking for mkoctfile
configure:2457: found /usr/bin/mkoctfile
configure:2468: result: found
configure:2482: checking necessary additions to PKG_CPPFLAGS for the Octave API
configure:2485: result: 
configure:2487: checking necessary -l additions to PKG_LIBS for the Octave API
configure:2490: result: 
configure:2492: checking necessary -L additions to PKG_LIBS for the Octave API
configure:2495: result: 
configure:2657: creating ./config.status

## ---------------------- ##
## Running config.status. ##
## ---------------------- ##

This file was extended by gpmlr config.status 0.1.0, which was
generated by GNU Autoconf 2.69.  Invocation command line was

  CONFIG_FILES    = 
  CONFIG_HEADERS  = 
  CONFIG_LINKS    = 
  CONFIG_COMMANDS = 
  $ ./config.status 

on Carl

config.status:725: creating src/Makevars

## ---------------- ##
## Cache variables. ##
## ---------------- ##

ac_cv_cxx_compiler_gnu=yes
ac_cv_env_CCC_set=
ac_cv_env_CCC_value=
ac_cv_env_CPPFLAGS_set=
ac_cv_env_CPPFLAGS_value=
ac_cv_env_CXXCPP_set=
ac_cv_env_CXXCPP_value=
ac_cv_env_CXXFLAGS_set=set
ac_cv_env_CXXFLAGS_value='-UNDEBUG -Wall -pedantic -g -O0'
ac_cv_env_CXX_set=
ac_cv_env_CXX_value=
ac_cv_env_LDFLAGS_set=
ac_cv_env_LDFLAGS_value=
ac_cv_env_LIBS_set=
ac_cv_env_LIBS_value=
ac_cv_env_build_alias_set=
ac_cv_env_build_alias_value=
ac_cv_env_host_alias_set=
ac_cv_env_host_alias_value=
ac_cv_env_target_alias_set=
ac_cv_env_target_alias_value=
ac_cv_objext=o
ac_cv_prog_CXXCPP='g++ -E'
ac_cv_prog_HAS_OCTAVE=found
ac_cv_prog_ac_ct_CXX=g++
ac_cv_prog_cxx_g=yes

## ----------------- ##
## Output variables. ##
## ----------------- ##

CPPFLAGS=''
CXX='g++'
CXXCPP='g++ -E'
CXXFLAGS='-UNDEBUG -Wall -pedantic -g -O0'
DEFS='-DPACKAGE_NAME=\"gpmlr\" -DPACKAGE_TARNAME=\"gpmlr\" -DPACKAGE_VERSION=\"0.1.0\" -DPACKAGE_STRING=\"gpmlr\ 0.1.0\" -DPACKAGE_BUGREPORT=\"\" -DPACKAGE_URL=\"\"'
ECHO_C=''
ECHO_N='-n'
ECHO_T=''
EXEEXT=''
HAS_OCTAVE='found'
LDFLAGS=''
LIBOBJS=''
LIBS=''
LTLIBOBJS=''
OBJEXT='o'
OCTAVE_CPPFLAGS='-I/usr/include/octave-4.2.2/octave/.. -I/usr/include/octave-4.2.2/octave -I/usr/include/hdf5/serial'
OCTAVE_LFLAGS='-L/usr/lib/x86_64-linux-gnu/octave/4.2.2 -L/usr/lib/x86_64-linux-gnu'
OCTAVE_LIBS='-loctinterp -loctave '
PACKAGE_BUGREPORT=''
PACKAGE_NAME='gpmlr'
PACKAGE_STRING='gpmlr 0.1.0'
PACKAGE_TARNAME='gpmlr'
PACKAGE_URL=''
PACKAGE_VERSION='0.1.0'
PATH_SEPARATOR=':'
SHELL='/bin/bash'
ac_ct_CXX='g++'
bindir='${exec_prefix}/bin'
build_alias=''
datadir='${datarootdir}'
datarootdir='${prefix}/share'
docdir='${datarootdir}/doc/${PACKAGE_TARNAME}'
dvidir='${docdir}'
exec_prefix='${prefix}'
host_alias=''
htmldir='${docdir}'
includedir='${prefix}/include'
infodir='${datarootdir}/info'
libdir='${exec_prefix}/lib'
libexecdir='${exec_prefix}/libexec'
localedir='${datarootdir}/locale'
localstatedir='${prefix}/var'
mandir='${datarootdir}/man'
oldincludedir='/usr/include'
pdfdir='${docdir}'
prefix='/usr/local'
program_transform_name='s,x,x,'
psdir='${docdir}'
runstatedir='${localstatedir}/run'
sbindir='${exec_prefix}/sbin'
sharedstatedir='${prefix}/com'
sysconfdir='${prefix}/etc'
target_alias=''

## ----------- ##
## confdefs.h. ##
## ----------- ##

/* confdefs.h */
#define PACKAGE_NAME "gpmlr"
#define PACKAGE_TARNAME "gpmlr"
#define PACKAGE_VERSION "0.1.0"
#define PACKAGE_STRING "gpmlr 0.1.0"
#define PACKAGE_BUGREPORT ""
#define PACKAGE_URL ""

configure: exit 0
